   0  $accept : %entry% $end

   1  program :
   2          | program vdecl
   3          | program fdecl

   4  fdecl : typ ID LPR formal_list RPR LBC vdecl_list stmt_list RBC

   5  typ : VOID
   6      | STRING
   7      | FLOAT
   8      | BOOL
   9      | INT
  10      | REGEXP

  11  formal_list :
  12              | formal_list formal_decl

  13  formal_decl : typ ID
  14              | COMMA typ ID

  15  vdecl_list :
  16             | vdecl_list vdecl

  17  vdecl : typ ID SEMI
  18        | typ ID LBK INT_T RBK SEMI
  19        | typ ID LBK INT_T RBK ASSIGN expr SEMI
  20        | typ ID ASSIGN expr SEMI

  21  stmt_list :
  22            | stmt_list stmt

  23  stmt : expr SEMI
  24       | RETURN expr SEMI
  25       | LBC stmt_list RBC
  26       | IF LPR expr RPR stmt ELSE stmt
  27       | FOR LPR expr_opt SEMI expr SEMI expr_opt RPR stmt
  28       | WHILE LPR expr RPR stmt

  29  expr_opt :
  30           | expr

  31  expr : STRING_T
  32       | FLOAT_T
  33       | INT_T
  34       | BOOL_T
  35       | ID
  36       | LBK expr_list RBK
  37       | expr PLUS expr
  38       | expr MINUS expr
  39       | expr TIMES expr
  40       | expr DIVIDE expr
  41       | expr EQ expr
  42       | expr NEQ expr
  43       | expr RL expr
  44       | expr LEQ expr
  45       | expr LR expr
  46       | expr REQ expr
  47       | expr AND expr
  48       | expr OR expr
  49       | MINUS expr
  50       | NOT expr
  51       | expr ASSIGN expr
  52       | LBK RBK
  53       | ID LBK expr RBK
  54       | ID LPR args_opt RPR
  55       | LPR expr RPR
  56       | REGEX regex REGEX

  57  expr_list : expr
  58            | expr_list COMMA expr

  59  args_opt :
  60           | args_list

  61  args_list : expr
  62            | args_list COMMA expr

  63  regex : REGEX_STRING
  64        | DOT
  65        | LPRT regex_list RPRT
  66        | LBRK regex_set_list LBRK
  67        | regex RPLS
  68        | regex KLEN
  69        | regex QUST
  70        | regex ALTR regex

  71  regex_list : regex
  72             | regex regex_list

  73  regex_set_list : regex_set
  74                 | regex_set regex_set_list

  75  regex_set : REGEX_STRING
  76            | REGEX_STRING RANG REGEX_STRING
  77            | HAT regex_set
  78            | LBRK regex_set_list RBRK

  79  %entry% : '\001' program

state 0
	$accept : . %entry% $end  (0)

	'\001'  shift 1
	.  error

	%entry%  goto 2


state 1
	%entry% : '\001' . program  (79)
	program : .  (1)

	.  reduce 1

	program  goto 3


state 2
	$accept : %entry% . $end  (0)

	$end  accept


state 3
	program : program . vdecl  (2)
	program : program . fdecl  (3)
	%entry% : '\001' program .  (79)

	BOOL  shift 4
	VOID  shift 5
	FLOAT  shift 6
	STRING  shift 7
	INT  shift 8
	REGEXP  shift 9
	$end  reduce 79

	vdecl  goto 10
	fdecl  goto 11
	typ  goto 12


state 4
	typ : BOOL .  (8)

	.  reduce 8


state 5
	typ : VOID .  (5)

	.  reduce 5


state 6
	typ : FLOAT .  (7)

	.  reduce 7


state 7
	typ : STRING .  (6)

	.  reduce 6


state 8
	typ : INT .  (9)

	.  reduce 9


state 9
	typ : REGEXP .  (10)

	.  reduce 10


state 10
	program : program vdecl .  (2)

	.  reduce 2


state 11
	program : program fdecl .  (3)

	.  reduce 3


state 12
	fdecl : typ . ID LPR formal_list RPR LBC vdecl_list stmt_list RBC  (4)
	vdecl : typ . ID SEMI  (17)
	vdecl : typ . ID LBK INT_T RBK SEMI  (18)
	vdecl : typ . ID LBK INT_T RBK ASSIGN expr SEMI  (19)
	vdecl : typ . ID ASSIGN expr SEMI  (20)

	ID  shift 13
	.  error


state 13
	fdecl : typ ID . LPR formal_list RPR LBC vdecl_list stmt_list RBC  (4)
	vdecl : typ ID . SEMI  (17)
	vdecl : typ ID . LBK INT_T RBK SEMI  (18)
	vdecl : typ ID . LBK INT_T RBK ASSIGN expr SEMI  (19)
	vdecl : typ ID . ASSIGN expr SEMI  (20)

	SEMI  shift 14
	LPR  shift 15
	LBK  shift 16
	ASSIGN  shift 17
	.  error


state 14
	vdecl : typ ID SEMI .  (17)

	.  reduce 17


state 15
	fdecl : typ ID LPR . formal_list RPR LBC vdecl_list stmt_list RBC  (4)
	formal_list : .  (11)

	.  reduce 11

	formal_list  goto 18


state 16
	vdecl : typ ID LBK . INT_T RBK SEMI  (18)
	vdecl : typ ID LBK . INT_T RBK ASSIGN expr SEMI  (19)

	INT_T  shift 19
	.  error


state 17
	vdecl : typ ID ASSIGN . expr SEMI  (20)

	LPR  shift 20
	LBK  shift 21
	MINUS  shift 22
	NOT  shift 23
	REGEX  shift 24
	ID  shift 25
	STRING_T  shift 26
	INT_T  shift 27
	FLOAT_T  shift 28
	BOOL_T  shift 29
	.  error

	expr  goto 30


state 18
	fdecl : typ ID LPR formal_list . RPR LBC vdecl_list stmt_list RBC  (4)
	formal_list : formal_list . formal_decl  (12)

	COMMA  shift 31
	RPR  shift 32
	BOOL  shift 4
	VOID  shift 5
	FLOAT  shift 6
	STRING  shift 7
	INT  shift 8
	REGEXP  shift 9
	.  error

	typ  goto 33
	formal_decl  goto 34


state 19
	vdecl : typ ID LBK INT_T . RBK SEMI  (18)
	vdecl : typ ID LBK INT_T . RBK ASSIGN expr SEMI  (19)

	RBK  shift 35
	.  error


state 20
	expr : LPR . expr RPR  (55)

	LPR  shift 20
	LBK  shift 21
	MINUS  shift 22
	NOT  shift 23
	REGEX  shift 24
	ID  shift 25
	STRING_T  shift 26
	INT_T  shift 27
	FLOAT_T  shift 28
	BOOL_T  shift 29
	.  error

	expr  goto 36


state 21
	expr : LBK . expr_list RBK  (36)
	expr : LBK . RBK  (52)

	LPR  shift 20
	LBK  shift 21
	RBK  shift 37
	MINUS  shift 22
	NOT  shift 23
	REGEX  shift 24
	ID  shift 25
	STRING_T  shift 26
	INT_T  shift 27
	FLOAT_T  shift 28
	BOOL_T  shift 29
	.  error

	expr  goto 38
	expr_list  goto 39


state 22
	expr : MINUS . expr  (49)

	LPR  shift 20
	LBK  shift 21
	MINUS  shift 22
	NOT  shift 23
	REGEX  shift 24
	ID  shift 25
	STRING_T  shift 26
	INT_T  shift 27
	FLOAT_T  shift 28
	BOOL_T  shift 29
	.  error

	expr  goto 40


state 23
	expr : NOT . expr  (50)

	LPR  shift 20
	LBK  shift 21
	MINUS  shift 22
	NOT  shift 23
	REGEX  shift 24
	ID  shift 25
	STRING_T  shift 26
	INT_T  shift 27
	FLOAT_T  shift 28
	BOOL_T  shift 29
	.  error

	expr  goto 41


state 24
	expr : REGEX . regex REGEX  (56)

	DOT  shift 42
	LBRK  shift 43
	LPRT  shift 44
	REGEX_STRING  shift 45
	.  error

	regex  goto 46


state 25
	expr : ID .  (35)
	expr : ID . LBK expr RBK  (53)
	expr : ID . LPR args_opt RPR  (54)

	LPR  shift 47
	LBK  shift 48
	SEMI  reduce 35
	COMMA  reduce 35
	RPR  reduce 35
	RBK  reduce 35
	PLUS  reduce 35
	MINUS  reduce 35
	TIMES  reduce 35
	DIVIDE  reduce 35
	EQ  reduce 35
	NEQ  reduce 35
	LEQ  reduce 35
	REQ  reduce 35
	LR  reduce 35
	RL  reduce 35
	AND  reduce 35
	OR  reduce 35
	ASSIGN  reduce 35


state 26
	expr : STRING_T .  (31)

	.  reduce 31


state 27
	expr : INT_T .  (33)

	.  reduce 33


state 28
	expr : FLOAT_T .  (32)

	.  reduce 32


state 29
	expr : BOOL_T .  (34)

	.  reduce 34


state 30
	vdecl : typ ID ASSIGN expr . SEMI  (20)
	expr : expr . PLUS expr  (37)
	expr : expr . MINUS expr  (38)
	expr : expr . TIMES expr  (39)
	expr : expr . DIVIDE expr  (40)
	expr : expr . EQ expr  (41)
	expr : expr . NEQ expr  (42)
	expr : expr . RL expr  (43)
	expr : expr . LEQ expr  (44)
	expr : expr . LR expr  (45)
	expr : expr . REQ expr  (46)
	expr : expr . AND expr  (47)
	expr : expr . OR expr  (48)
	expr : expr . ASSIGN expr  (51)

	SEMI  shift 49
	PLUS  shift 50
	MINUS  shift 51
	TIMES  shift 52
	DIVIDE  shift 53
	EQ  shift 54
	NEQ  shift 55
	LEQ  shift 56
	REQ  shift 57
	LR  shift 58
	RL  shift 59
	AND  shift 60
	OR  shift 61
	ASSIGN  shift 62
	.  error


state 31
	formal_decl : COMMA . typ ID  (14)

	BOOL  shift 4
	VOID  shift 5
	FLOAT  shift 6
	STRING  shift 7
	INT  shift 8
	REGEXP  shift 9
	.  error

	typ  goto 63


state 32
	fdecl : typ ID LPR formal_list RPR . LBC vdecl_list stmt_list RBC  (4)

	LBC  shift 64
	.  error


state 33
	formal_decl : typ . ID  (13)

	ID  shift 65
	.  error


state 34
	formal_list : formal_list formal_decl .  (12)

	.  reduce 12


state 35
	vdecl : typ ID LBK INT_T RBK . SEMI  (18)
	vdecl : typ ID LBK INT_T RBK . ASSIGN expr SEMI  (19)

	SEMI  shift 66
	ASSIGN  shift 67
	.  error


state 36
	expr : expr . PLUS expr  (37)
	expr : expr . MINUS expr  (38)
	expr : expr . TIMES expr  (39)
	expr : expr . DIVIDE expr  (40)
	expr : expr . EQ expr  (41)
	expr : expr . NEQ expr  (42)
	expr : expr . RL expr  (43)
	expr : expr . LEQ expr  (44)
	expr : expr . LR expr  (45)
	expr : expr . REQ expr  (46)
	expr : expr . AND expr  (47)
	expr : expr . OR expr  (48)
	expr : expr . ASSIGN expr  (51)
	expr : LPR expr . RPR  (55)

	RPR  shift 68
	PLUS  shift 50
	MINUS  shift 51
	TIMES  shift 52
	DIVIDE  shift 53
	EQ  shift 54
	NEQ  shift 55
	LEQ  shift 56
	REQ  shift 57
	LR  shift 58
	RL  shift 59
	AND  shift 60
	OR  shift 61
	ASSIGN  shift 62
	.  error


state 37
	expr : LBK RBK .  (52)

	.  reduce 52


state 38
	expr : expr . PLUS expr  (37)
	expr : expr . MINUS expr  (38)
	expr : expr . TIMES expr  (39)
	expr : expr . DIVIDE expr  (40)
	expr : expr . EQ expr  (41)
	expr : expr . NEQ expr  (42)
	expr : expr . RL expr  (43)
	expr : expr . LEQ expr  (44)
	expr : expr . LR expr  (45)
	expr : expr . REQ expr  (46)
	expr : expr . AND expr  (47)
	expr : expr . OR expr  (48)
	expr : expr . ASSIGN expr  (51)
	expr_list : expr .  (57)

	PLUS  shift 50
	MINUS  shift 51
	TIMES  shift 52
	DIVIDE  shift 53
	EQ  shift 54
	NEQ  shift 55
	LEQ  shift 56
	REQ  shift 57
	LR  shift 58
	RL  shift 59
	AND  shift 60
	OR  shift 61
	ASSIGN  shift 62
	COMMA  reduce 57
	RBK  reduce 57


state 39
	expr : LBK expr_list . RBK  (36)
	expr_list : expr_list . COMMA expr  (58)

	COMMA  shift 69
	RBK  shift 70
	.  error


state 40
	expr : expr . PLUS expr  (37)
	expr : expr . MINUS expr  (38)
	expr : expr . TIMES expr  (39)
	expr : expr . DIVIDE expr  (40)
	expr : expr . EQ expr  (41)
	expr : expr . NEQ expr  (42)
	expr : expr . RL expr  (43)
	expr : expr . LEQ expr  (44)
	expr : expr . LR expr  (45)
	expr : expr . REQ expr  (46)
	expr : expr . AND expr  (47)
	expr : expr . OR expr  (48)
	expr : MINUS expr .  (49)
	expr : expr . ASSIGN expr  (51)

	TIMES  shift 52
	DIVIDE  shift 53
	SEMI  reduce 49
	COMMA  reduce 49
	RPR  reduce 49
	RBK  reduce 49
	PLUS  reduce 49
	MINUS  reduce 49
	EQ  reduce 49
	NEQ  reduce 49
	LEQ  reduce 49
	REQ  reduce 49
	LR  reduce 49
	RL  reduce 49
	AND  reduce 49
	OR  reduce 49
	ASSIGN  reduce 49


state 41
	expr : expr . PLUS expr  (37)
	expr : expr . MINUS expr  (38)
	expr : expr . TIMES expr  (39)
	expr : expr . DIVIDE expr  (40)
	expr : expr . EQ expr  (41)
	expr : expr . NEQ expr  (42)
	expr : expr . RL expr  (43)
	expr : expr . LEQ expr  (44)
	expr : expr . LR expr  (45)
	expr : expr . REQ expr  (46)
	expr : expr . AND expr  (47)
	expr : expr . OR expr  (48)
	expr : NOT expr .  (50)
	expr : expr . ASSIGN expr  (51)

	.  reduce 50


state 42
	regex : DOT .  (64)

	.  reduce 64


state 43
	regex : LBRK . regex_set_list LBRK  (66)

	HAT  shift 71
	LBRK  shift 72
	REGEX_STRING  shift 73
	.  error

	regex_set_list  goto 74
	regex_set  goto 75


state 44
	regex : LPRT . regex_list RPRT  (65)

	DOT  shift 42
	LBRK  shift 43
	LPRT  shift 44
	REGEX_STRING  shift 45
	.  error

	regex  goto 76
	regex_list  goto 77


state 45
	regex : REGEX_STRING .  (63)

	.  reduce 63


state 46
	expr : REGEX regex . REGEX  (56)
	regex : regex . RPLS  (67)
	regex : regex . KLEN  (68)
	regex : regex . QUST  (69)
	regex : regex . ALTR regex  (70)

	REGEX  shift 78
	QUST  shift 79
	KLEN  shift 80
	RPLS  shift 81
	ALTR  shift 82
	.  error


state 47
	expr : ID LPR . args_opt RPR  (54)
	args_opt : .  (59)

	LPR  shift 20
	LBK  shift 21
	MINUS  shift 22
	NOT  shift 23
	REGEX  shift 24
	ID  shift 25
	STRING_T  shift 26
	INT_T  shift 27
	FLOAT_T  shift 28
	BOOL_T  shift 29
	RPR  reduce 59

	expr  goto 83
	args_opt  goto 84
	args_list  goto 85


state 48
	expr : ID LBK . expr RBK  (53)

	LPR  shift 20
	LBK  shift 21
	MINUS  shift 22
	NOT  shift 23
	REGEX  shift 24
	ID  shift 25
	STRING_T  shift 26
	INT_T  shift 27
	FLOAT_T  shift 28
	BOOL_T  shift 29
	.  error

	expr  goto 86


state 49
	vdecl : typ ID ASSIGN expr SEMI .  (20)

	.  reduce 20


state 50
	expr : expr PLUS . expr  (37)

	LPR  shift 20
	LBK  shift 21
	MINUS  shift 22
	NOT  shift 23
	REGEX  shift 24
	ID  shift 25
	STRING_T  shift 26
	INT_T  shift 27
	FLOAT_T  shift 28
	BOOL_T  shift 29
	.  error

	expr  goto 87


state 51
	expr : expr MINUS . expr  (38)

	LPR  shift 20
	LBK  shift 21
	MINUS  shift 22
	NOT  shift 23
	REGEX  shift 24
	ID  shift 25
	STRING_T  shift 26
	INT_T  shift 27
	FLOAT_T  shift 28
	BOOL_T  shift 29
	.  error

	expr  goto 88


state 52
	expr : expr TIMES . expr  (39)

	LPR  shift 20
	LBK  shift 21
	MINUS  shift 22
	NOT  shift 23
	REGEX  shift 24
	ID  shift 25
	STRING_T  shift 26
	INT_T  shift 27
	FLOAT_T  shift 28
	BOOL_T  shift 29
	.  error

	expr  goto 89


state 53
	expr : expr DIVIDE . expr  (40)

	LPR  shift 20
	LBK  shift 21
	MINUS  shift 22
	NOT  shift 23
	REGEX  shift 24
	ID  shift 25
	STRING_T  shift 26
	INT_T  shift 27
	FLOAT_T  shift 28
	BOOL_T  shift 29
	.  error

	expr  goto 90


state 54
	expr : expr EQ . expr  (41)

	LPR  shift 20
	LBK  shift 21
	MINUS  shift 22
	NOT  shift 23
	REGEX  shift 24
	ID  shift 25
	STRING_T  shift 26
	INT_T  shift 27
	FLOAT_T  shift 28
	BOOL_T  shift 29
	.  error

	expr  goto 91


state 55
	expr : expr NEQ . expr  (42)

	LPR  shift 20
	LBK  shift 21
	MINUS  shift 22
	NOT  shift 23
	REGEX  shift 24
	ID  shift 25
	STRING_T  shift 26
	INT_T  shift 27
	FLOAT_T  shift 28
	BOOL_T  shift 29
	.  error

	expr  goto 92


state 56
	expr : expr LEQ . expr  (44)

	LPR  shift 20
	LBK  shift 21
	MINUS  shift 22
	NOT  shift 23
	REGEX  shift 24
	ID  shift 25
	STRING_T  shift 26
	INT_T  shift 27
	FLOAT_T  shift 28
	BOOL_T  shift 29
	.  error

	expr  goto 93


state 57
	expr : expr REQ . expr  (46)

	LPR  shift 20
	LBK  shift 21
	MINUS  shift 22
	NOT  shift 23
	REGEX  shift 24
	ID  shift 25
	STRING_T  shift 26
	INT_T  shift 27
	FLOAT_T  shift 28
	BOOL_T  shift 29
	.  error

	expr  goto 94


state 58
	expr : expr LR . expr  (45)

	LPR  shift 20
	LBK  shift 21
	MINUS  shift 22
	NOT  shift 23
	REGEX  shift 24
	ID  shift 25
	STRING_T  shift 26
	INT_T  shift 27
	FLOAT_T  shift 28
	BOOL_T  shift 29
	.  error

	expr  goto 95


state 59
	expr : expr RL . expr  (43)

	LPR  shift 20
	LBK  shift 21
	MINUS  shift 22
	NOT  shift 23
	REGEX  shift 24
	ID  shift 25
	STRING_T  shift 26
	INT_T  shift 27
	FLOAT_T  shift 28
	BOOL_T  shift 29
	.  error

	expr  goto 96


state 60
	expr : expr AND . expr  (47)

	LPR  shift 20
	LBK  shift 21
	MINUS  shift 22
	NOT  shift 23
	REGEX  shift 24
	ID  shift 25
	STRING_T  shift 26
	INT_T  shift 27
	FLOAT_T  shift 28
	BOOL_T  shift 29
	.  error

	expr  goto 97


state 61
	expr : expr OR . expr  (48)

	LPR  shift 20
	LBK  shift 21
	MINUS  shift 22
	NOT  shift 23
	REGEX  shift 24
	ID  shift 25
	STRING_T  shift 26
	INT_T  shift 27
	FLOAT_T  shift 28
	BOOL_T  shift 29
	.  error

	expr  goto 98


state 62
	expr : expr ASSIGN . expr  (51)

	LPR  shift 20
	LBK  shift 21
	MINUS  shift 22
	NOT  shift 23
	REGEX  shift 24
	ID  shift 25
	STRING_T  shift 26
	INT_T  shift 27
	FLOAT_T  shift 28
	BOOL_T  shift 29
	.  error

	expr  goto 99


state 63
	formal_decl : COMMA typ . ID  (14)

	ID  shift 100
	.  error


state 64
	fdecl : typ ID LPR formal_list RPR LBC . vdecl_list stmt_list RBC  (4)
	vdecl_list : .  (15)

	.  reduce 15

	vdecl_list  goto 101


state 65
	formal_decl : typ ID .  (13)

	.  reduce 13


state 66
	vdecl : typ ID LBK INT_T RBK SEMI .  (18)

	.  reduce 18


state 67
	vdecl : typ ID LBK INT_T RBK ASSIGN . expr SEMI  (19)

	LPR  shift 20
	LBK  shift 21
	MINUS  shift 22
	NOT  shift 23
	REGEX  shift 24
	ID  shift 25
	STRING_T  shift 26
	INT_T  shift 27
	FLOAT_T  shift 28
	BOOL_T  shift 29
	.  error

	expr  goto 102


state 68
	expr : LPR expr RPR .  (55)

	.  reduce 55


state 69
	expr_list : expr_list COMMA . expr  (58)

	LPR  shift 20
	LBK  shift 21
	MINUS  shift 22
	NOT  shift 23
	REGEX  shift 24
	ID  shift 25
	STRING_T  shift 26
	INT_T  shift 27
	FLOAT_T  shift 28
	BOOL_T  shift 29
	.  error

	expr  goto 103


state 70
	expr : LBK expr_list RBK .  (36)

	.  reduce 36


state 71
	regex_set : HAT . regex_set  (77)

	HAT  shift 71
	LBRK  shift 72
	REGEX_STRING  shift 73
	.  error

	regex_set  goto 104


state 72
	regex_set : LBRK . regex_set_list RBRK  (78)

	HAT  shift 71
	LBRK  shift 72
	REGEX_STRING  shift 73
	.  error

	regex_set_list  goto 105
	regex_set  goto 75


state 73
	regex_set : REGEX_STRING .  (75)
	regex_set : REGEX_STRING . RANG REGEX_STRING  (76)

	RANG  shift 106
	HAT  reduce 75
	LBRK  reduce 75
	RBRK  reduce 75
	REGEX_STRING  reduce 75


state 74
	regex : LBRK regex_set_list . LBRK  (66)

	LBRK  shift 107
	.  error


75: shift/reduce conflict (shift 72, reduce 73) on LBRK
state 75
	regex_set_list : regex_set .  (73)
	regex_set_list : regex_set . regex_set_list  (74)

	HAT  shift 71
	LBRK  shift 72
	REGEX_STRING  shift 73
	RBRK  reduce 73

	regex_set_list  goto 108
	regex_set  goto 75


state 76
	regex : regex . RPLS  (67)
	regex : regex . KLEN  (68)
	regex : regex . QUST  (69)
	regex : regex . ALTR regex  (70)
	regex_list : regex .  (71)
	regex_list : regex . regex_list  (72)

	DOT  shift 42
	QUST  shift 79
	KLEN  shift 80
	RPLS  shift 81
	ALTR  shift 82
	LBRK  shift 43
	LPRT  shift 44
	REGEX_STRING  shift 45
	RPRT  reduce 71

	regex  goto 76
	regex_list  goto 109


state 77
	regex : LPRT regex_list . RPRT  (65)

	RPRT  shift 110
	.  error


state 78
	expr : REGEX regex REGEX .  (56)

	.  reduce 56


state 79
	regex : regex QUST .  (69)

	.  reduce 69


state 80
	regex : regex KLEN .  (68)

	.  reduce 68


state 81
	regex : regex RPLS .  (67)

	.  reduce 67


state 82
	regex : regex ALTR . regex  (70)

	DOT  shift 42
	LBRK  shift 43
	LPRT  shift 44
	REGEX_STRING  shift 45
	.  error

	regex  goto 111


state 83
	expr : expr . PLUS expr  (37)
	expr : expr . MINUS expr  (38)
	expr : expr . TIMES expr  (39)
	expr : expr . DIVIDE expr  (40)
	expr : expr . EQ expr  (41)
	expr : expr . NEQ expr  (42)
	expr : expr . RL expr  (43)
	expr : expr . LEQ expr  (44)
	expr : expr . LR expr  (45)
	expr : expr . REQ expr  (46)
	expr : expr . AND expr  (47)
	expr : expr . OR expr  (48)
	expr : expr . ASSIGN expr  (51)
	args_list : expr .  (61)

	PLUS  shift 50
	MINUS  shift 51
	TIMES  shift 52
	DIVIDE  shift 53
	EQ  shift 54
	NEQ  shift 55
	LEQ  shift 56
	REQ  shift 57
	LR  shift 58
	RL  shift 59
	AND  shift 60
	OR  shift 61
	ASSIGN  shift 62
	COMMA  reduce 61
	RPR  reduce 61


state 84
	expr : ID LPR args_opt . RPR  (54)

	RPR  shift 112
	.  error


state 85
	args_opt : args_list .  (60)
	args_list : args_list . COMMA expr  (62)

	COMMA  shift 113
	RPR  reduce 60


state 86
	expr : expr . PLUS expr  (37)
	expr : expr . MINUS expr  (38)
	expr : expr . TIMES expr  (39)
	expr : expr . DIVIDE expr  (40)
	expr : expr . EQ expr  (41)
	expr : expr . NEQ expr  (42)
	expr : expr . RL expr  (43)
	expr : expr . LEQ expr  (44)
	expr : expr . LR expr  (45)
	expr : expr . REQ expr  (46)
	expr : expr . AND expr  (47)
	expr : expr . OR expr  (48)
	expr : expr . ASSIGN expr  (51)
	expr : ID LBK expr . RBK  (53)

	RBK  shift 114
	PLUS  shift 50
	MINUS  shift 51
	TIMES  shift 52
	DIVIDE  shift 53
	EQ  shift 54
	NEQ  shift 55
	LEQ  shift 56
	REQ  shift 57
	LR  shift 58
	RL  shift 59
	AND  shift 60
	OR  shift 61
	ASSIGN  shift 62
	.  error


state 87
	expr : expr . PLUS expr  (37)
	expr : expr PLUS expr .  (37)
	expr : expr . MINUS expr  (38)
	expr : expr . TIMES expr  (39)
	expr : expr . DIVIDE expr  (40)
	expr : expr . EQ expr  (41)
	expr : expr . NEQ expr  (42)
	expr : expr . RL expr  (43)
	expr : expr . LEQ expr  (44)
	expr : expr . LR expr  (45)
	expr : expr . REQ expr  (46)
	expr : expr . AND expr  (47)
	expr : expr . OR expr  (48)
	expr : expr . ASSIGN expr  (51)

	TIMES  shift 52
	DIVIDE  shift 53
	SEMI  reduce 37
	COMMA  reduce 37
	RPR  reduce 37
	RBK  reduce 37
	PLUS  reduce 37
	MINUS  reduce 37
	EQ  reduce 37
	NEQ  reduce 37
	LEQ  reduce 37
	REQ  reduce 37
	LR  reduce 37
	RL  reduce 37
	AND  reduce 37
	OR  reduce 37
	ASSIGN  reduce 37


state 88
	expr : expr . PLUS expr  (37)
	expr : expr . MINUS expr  (38)
	expr : expr MINUS expr .  (38)
	expr : expr . TIMES expr  (39)
	expr : expr . DIVIDE expr  (40)
	expr : expr . EQ expr  (41)
	expr : expr . NEQ expr  (42)
	expr : expr . RL expr  (43)
	expr : expr . LEQ expr  (44)
	expr : expr . LR expr  (45)
	expr : expr . REQ expr  (46)
	expr : expr . AND expr  (47)
	expr : expr . OR expr  (48)
	expr : expr . ASSIGN expr  (51)

	TIMES  shift 52
	DIVIDE  shift 53
	SEMI  reduce 38
	COMMA  reduce 38
	RPR  reduce 38
	RBK  reduce 38
	PLUS  reduce 38
	MINUS  reduce 38
	EQ  reduce 38
	NEQ  reduce 38
	LEQ  reduce 38
	REQ  reduce 38
	LR  reduce 38
	RL  reduce 38
	AND  reduce 38
	OR  reduce 38
	ASSIGN  reduce 38


state 89
	expr : expr . PLUS expr  (37)
	expr : expr . MINUS expr  (38)
	expr : expr . TIMES expr  (39)
	expr : expr TIMES expr .  (39)
	expr : expr . DIVIDE expr  (40)
	expr : expr . EQ expr  (41)
	expr : expr . NEQ expr  (42)
	expr : expr . RL expr  (43)
	expr : expr . LEQ expr  (44)
	expr : expr . LR expr  (45)
	expr : expr . REQ expr  (46)
	expr : expr . AND expr  (47)
	expr : expr . OR expr  (48)
	expr : expr . ASSIGN expr  (51)

	.  reduce 39


state 90
	expr : expr . PLUS expr  (37)
	expr : expr . MINUS expr  (38)
	expr : expr . TIMES expr  (39)
	expr : expr . DIVIDE expr  (40)
	expr : expr DIVIDE expr .  (40)
	expr : expr . EQ expr  (41)
	expr : expr . NEQ expr  (42)
	expr : expr . RL expr  (43)
	expr : expr . LEQ expr  (44)
	expr : expr . LR expr  (45)
	expr : expr . REQ expr  (46)
	expr : expr . AND expr  (47)
	expr : expr . OR expr  (48)
	expr : expr . ASSIGN expr  (51)

	.  reduce 40


state 91
	expr : expr . PLUS expr  (37)
	expr : expr . MINUS expr  (38)
	expr : expr . TIMES expr  (39)
	expr : expr . DIVIDE expr  (40)
	expr : expr . EQ expr  (41)
	expr : expr EQ expr .  (41)
	expr : expr . NEQ expr  (42)
	expr : expr . RL expr  (43)
	expr : expr . LEQ expr  (44)
	expr : expr . LR expr  (45)
	expr : expr . REQ expr  (46)
	expr : expr . AND expr  (47)
	expr : expr . OR expr  (48)
	expr : expr . ASSIGN expr  (51)

	PLUS  shift 50
	MINUS  shift 51
	TIMES  shift 52
	DIVIDE  shift 53
	LEQ  shift 56
	REQ  shift 57
	LR  shift 58
	RL  shift 59
	SEMI  reduce 41
	COMMA  reduce 41
	RPR  reduce 41
	RBK  reduce 41
	EQ  reduce 41
	NEQ  reduce 41
	AND  reduce 41
	OR  reduce 41
	ASSIGN  reduce 41


state 92
	expr : expr . PLUS expr  (37)
	expr : expr . MINUS expr  (38)
	expr : expr . TIMES expr  (39)
	expr : expr . DIVIDE expr  (40)
	expr : expr . EQ expr  (41)
	expr : expr . NEQ expr  (42)
	expr : expr NEQ expr .  (42)
	expr : expr . RL expr  (43)
	expr : expr . LEQ expr  (44)
	expr : expr . LR expr  (45)
	expr : expr . REQ expr  (46)
	expr : expr . AND expr  (47)
	expr : expr . OR expr  (48)
	expr : expr . ASSIGN expr  (51)

	PLUS  shift 50
	MINUS  shift 51
	TIMES  shift 52
	DIVIDE  shift 53
	LEQ  shift 56
	REQ  shift 57
	LR  shift 58
	RL  shift 59
	SEMI  reduce 42
	COMMA  reduce 42
	RPR  reduce 42
	RBK  reduce 42
	EQ  reduce 42
	NEQ  reduce 42
	AND  reduce 42
	OR  reduce 42
	ASSIGN  reduce 42


state 93
	expr : expr . PLUS expr  (37)
	expr : expr . MINUS expr  (38)
	expr : expr . TIMES expr  (39)
	expr : expr . DIVIDE expr  (40)
	expr : expr . EQ expr  (41)
	expr : expr . NEQ expr  (42)
	expr : expr . RL expr  (43)
	expr : expr . LEQ expr  (44)
	expr : expr LEQ expr .  (44)
	expr : expr . LR expr  (45)
	expr : expr . REQ expr  (46)
	expr : expr . AND expr  (47)
	expr : expr . OR expr  (48)
	expr : expr . ASSIGN expr  (51)

	PLUS  shift 50
	MINUS  shift 51
	TIMES  shift 52
	DIVIDE  shift 53
	SEMI  reduce 44
	COMMA  reduce 44
	RPR  reduce 44
	RBK  reduce 44
	EQ  reduce 44
	NEQ  reduce 44
	LEQ  reduce 44
	REQ  reduce 44
	LR  reduce 44
	RL  reduce 44
	AND  reduce 44
	OR  reduce 44
	ASSIGN  reduce 44


state 94
	expr : expr . PLUS expr  (37)
	expr : expr . MINUS expr  (38)
	expr : expr . TIMES expr  (39)
	expr : expr . DIVIDE expr  (40)
	expr : expr . EQ expr  (41)
	expr : expr . NEQ expr  (42)
	expr : expr . RL expr  (43)
	expr : expr . LEQ expr  (44)
	expr : expr . LR expr  (45)
	expr : expr . REQ expr  (46)
	expr : expr REQ expr .  (46)
	expr : expr . AND expr  (47)
	expr : expr . OR expr  (48)
	expr : expr . ASSIGN expr  (51)

	PLUS  shift 50
	MINUS  shift 51
	TIMES  shift 52
	DIVIDE  shift 53
	SEMI  reduce 46
	COMMA  reduce 46
	RPR  reduce 46
	RBK  reduce 46
	EQ  reduce 46
	NEQ  reduce 46
	LEQ  reduce 46
	REQ  reduce 46
	LR  reduce 46
	RL  reduce 46
	AND  reduce 46
	OR  reduce 46
	ASSIGN  reduce 46


state 95
	expr : expr . PLUS expr  (37)
	expr : expr . MINUS expr  (38)
	expr : expr . TIMES expr  (39)
	expr : expr . DIVIDE expr  (40)
	expr : expr . EQ expr  (41)
	expr : expr . NEQ expr  (42)
	expr : expr . RL expr  (43)
	expr : expr . LEQ expr  (44)
	expr : expr . LR expr  (45)
	expr : expr LR expr .  (45)
	expr : expr . REQ expr  (46)
	expr : expr . AND expr  (47)
	expr : expr . OR expr  (48)
	expr : expr . ASSIGN expr  (51)

	PLUS  shift 50
	MINUS  shift 51
	TIMES  shift 52
	DIVIDE  shift 53
	SEMI  reduce 45
	COMMA  reduce 45
	RPR  reduce 45
	RBK  reduce 45
	EQ  reduce 45
	NEQ  reduce 45
	LEQ  reduce 45
	REQ  reduce 45
	LR  reduce 45
	RL  reduce 45
	AND  reduce 45
	OR  reduce 45
	ASSIGN  reduce 45


state 96
	expr : expr . PLUS expr  (37)
	expr : expr . MINUS expr  (38)
	expr : expr . TIMES expr  (39)
	expr : expr . DIVIDE expr  (40)
	expr : expr . EQ expr  (41)
	expr : expr . NEQ expr  (42)
	expr : expr . RL expr  (43)
	expr : expr RL expr .  (43)
	expr : expr . LEQ expr  (44)
	expr : expr . LR expr  (45)
	expr : expr . REQ expr  (46)
	expr : expr . AND expr  (47)
	expr : expr . OR expr  (48)
	expr : expr . ASSIGN expr  (51)

	PLUS  shift 50
	MINUS  shift 51
	TIMES  shift 52
	DIVIDE  shift 53
	SEMI  reduce 43
	COMMA  reduce 43
	RPR  reduce 43
	RBK  reduce 43
	EQ  reduce 43
	NEQ  reduce 43
	LEQ  reduce 43
	REQ  reduce 43
	LR  reduce 43
	RL  reduce 43
	AND  reduce 43
	OR  reduce 43
	ASSIGN  reduce 43


state 97
	expr : expr . PLUS expr  (37)
	expr : expr . MINUS expr  (38)
	expr : expr . TIMES expr  (39)
	expr : expr . DIVIDE expr  (40)
	expr : expr . EQ expr  (41)
	expr : expr . NEQ expr  (42)
	expr : expr . RL expr  (43)
	expr : expr . LEQ expr  (44)
	expr : expr . LR expr  (45)
	expr : expr . REQ expr  (46)
	expr : expr . AND expr  (47)
	expr : expr AND expr .  (47)
	expr : expr . OR expr  (48)
	expr : expr . ASSIGN expr  (51)

	PLUS  shift 50
	MINUS  shift 51
	TIMES  shift 52
	DIVIDE  shift 53
	EQ  shift 54
	NEQ  shift 55
	LEQ  shift 56
	REQ  shift 57
	LR  shift 58
	RL  shift 59
	SEMI  reduce 47
	COMMA  reduce 47
	RPR  reduce 47
	RBK  reduce 47
	AND  reduce 47
	OR  reduce 47
	ASSIGN  reduce 47


state 98
	expr : expr . PLUS expr  (37)
	expr : expr . MINUS expr  (38)
	expr : expr . TIMES expr  (39)
	expr : expr . DIVIDE expr  (40)
	expr : expr . EQ expr  (41)
	expr : expr . NEQ expr  (42)
	expr : expr . RL expr  (43)
	expr : expr . LEQ expr  (44)
	expr : expr . LR expr  (45)
	expr : expr . REQ expr  (46)
	expr : expr . AND expr  (47)
	expr : expr . OR expr  (48)
	expr : expr OR expr .  (48)
	expr : expr . ASSIGN expr  (51)

	PLUS  shift 50
	MINUS  shift 51
	TIMES  shift 52
	DIVIDE  shift 53
	EQ  shift 54
	NEQ  shift 55
	LEQ  shift 56
	REQ  shift 57
	LR  shift 58
	RL  shift 59
	AND  shift 60
	SEMI  reduce 48
	COMMA  reduce 48
	RPR  reduce 48
	RBK  reduce 48
	OR  reduce 48
	ASSIGN  reduce 48


state 99
	expr : expr . PLUS expr  (37)
	expr : expr . MINUS expr  (38)
	expr : expr . TIMES expr  (39)
	expr : expr . DIVIDE expr  (40)
	expr : expr . EQ expr  (41)
	expr : expr . NEQ expr  (42)
	expr : expr . RL expr  (43)
	expr : expr . LEQ expr  (44)
	expr : expr . LR expr  (45)
	expr : expr . REQ expr  (46)
	expr : expr . AND expr  (47)
	expr : expr . OR expr  (48)
	expr : expr . ASSIGN expr  (51)
	expr : expr ASSIGN expr .  (51)

	PLUS  shift 50
	MINUS  shift 51
	TIMES  shift 52
	DIVIDE  shift 53
	EQ  shift 54
	NEQ  shift 55
	LEQ  shift 56
	REQ  shift 57
	LR  shift 58
	RL  shift 59
	AND  shift 60
	OR  shift 61
	ASSIGN  shift 62
	SEMI  reduce 51
	COMMA  reduce 51
	RPR  reduce 51
	RBK  reduce 51


state 100
	formal_decl : COMMA typ ID .  (14)

	.  reduce 14


state 101
	fdecl : typ ID LPR formal_list RPR LBC vdecl_list . stmt_list RBC  (4)
	vdecl_list : vdecl_list . vdecl  (16)
	stmt_list : .  (21)

	BOOL  shift 4
	VOID  shift 5
	FLOAT  shift 6
	STRING  shift 7
	INT  shift 8
	REGEXP  shift 9
	LPR  reduce 21
	LBK  reduce 21
	LBC  reduce 21
	RBC  reduce 21
	IF  reduce 21
	FOR  reduce 21
	WHILE  reduce 21
	MINUS  reduce 21
	NOT  reduce 21
	REGEX  reduce 21
	RETURN  reduce 21
	ID  reduce 21
	STRING_T  reduce 21
	INT_T  reduce 21
	FLOAT_T  reduce 21
	BOOL_T  reduce 21

	vdecl  goto 115
	typ  goto 116
	stmt_list  goto 117


state 102
	vdecl : typ ID LBK INT_T RBK ASSIGN expr . SEMI  (19)
	expr : expr . PLUS expr  (37)
	expr : expr . MINUS expr  (38)
	expr : expr . TIMES expr  (39)
	expr : expr . DIVIDE expr  (40)
	expr : expr . EQ expr  (41)
	expr : expr . NEQ expr  (42)
	expr : expr . RL expr  (43)
	expr : expr . LEQ expr  (44)
	expr : expr . LR expr  (45)
	expr : expr . REQ expr  (46)
	expr : expr . AND expr  (47)
	expr : expr . OR expr  (48)
	expr : expr . ASSIGN expr  (51)

	SEMI  shift 118
	PLUS  shift 50
	MINUS  shift 51
	TIMES  shift 52
	DIVIDE  shift 53
	EQ  shift 54
	NEQ  shift 55
	LEQ  shift 56
	REQ  shift 57
	LR  shift 58
	RL  shift 59
	AND  shift 60
	OR  shift 61
	ASSIGN  shift 62
	.  error


state 103
	expr : expr . PLUS expr  (37)
	expr : expr . MINUS expr  (38)
	expr : expr . TIMES expr  (39)
	expr : expr . DIVIDE expr  (40)
	expr : expr . EQ expr  (41)
	expr : expr . NEQ expr  (42)
	expr : expr . RL expr  (43)
	expr : expr . LEQ expr  (44)
	expr : expr . LR expr  (45)
	expr : expr . REQ expr  (46)
	expr : expr . AND expr  (47)
	expr : expr . OR expr  (48)
	expr : expr . ASSIGN expr  (51)
	expr_list : expr_list COMMA expr .  (58)

	PLUS  shift 50
	MINUS  shift 51
	TIMES  shift 52
	DIVIDE  shift 53
	EQ  shift 54
	NEQ  shift 55
	LEQ  shift 56
	REQ  shift 57
	LR  shift 58
	RL  shift 59
	AND  shift 60
	OR  shift 61
	ASSIGN  shift 62
	COMMA  reduce 58
	RBK  reduce 58


state 104
	regex_set : HAT regex_set .  (77)

	.  reduce 77


state 105
	regex_set : LBRK regex_set_list . RBRK  (78)

	RBRK  shift 119
	.  error


state 106
	regex_set : REGEX_STRING RANG . REGEX_STRING  (76)

	REGEX_STRING  shift 120
	.  error


state 107
	regex : LBRK regex_set_list LBRK .  (66)

	.  reduce 66


state 108
	regex_set_list : regex_set regex_set_list .  (74)

	.  reduce 74


state 109
	regex_list : regex regex_list .  (72)

	.  reduce 72


state 110
	regex : LPRT regex_list RPRT .  (65)

	.  reduce 65


111: shift/reduce conflict (shift 79, reduce 70) on QUST
111: shift/reduce conflict (shift 80, reduce 70) on KLEN
111: shift/reduce conflict (shift 81, reduce 70) on RPLS
111: shift/reduce conflict (shift 82, reduce 70) on ALTR
state 111
	regex : regex . RPLS  (67)
	regex : regex . KLEN  (68)
	regex : regex . QUST  (69)
	regex : regex . ALTR regex  (70)
	regex : regex ALTR regex .  (70)

	QUST  shift 79
	KLEN  shift 80
	RPLS  shift 81
	ALTR  shift 82
	REGEX  reduce 70
	DOT  reduce 70
	LBRK  reduce 70
	LPRT  reduce 70
	RPRT  reduce 70
	REGEX_STRING  reduce 70


state 112
	expr : ID LPR args_opt RPR .  (54)

	.  reduce 54


state 113
	args_list : args_list COMMA . expr  (62)

	LPR  shift 20
	LBK  shift 21
	MINUS  shift 22
	NOT  shift 23
	REGEX  shift 24
	ID  shift 25
	STRING_T  shift 26
	INT_T  shift 27
	FLOAT_T  shift 28
	BOOL_T  shift 29
	.  error

	expr  goto 121


state 114
	expr : ID LBK expr RBK .  (53)

	.  reduce 53


state 115
	vdecl_list : vdecl_list vdecl .  (16)

	.  reduce 16


state 116
	vdecl : typ . ID SEMI  (17)
	vdecl : typ . ID LBK INT_T RBK SEMI  (18)
	vdecl : typ . ID LBK INT_T RBK ASSIGN expr SEMI  (19)
	vdecl : typ . ID ASSIGN expr SEMI  (20)

	ID  shift 122
	.  error


state 117
	fdecl : typ ID LPR formal_list RPR LBC vdecl_list stmt_list . RBC  (4)
	stmt_list : stmt_list . stmt  (22)

	LPR  shift 20
	LBK  shift 21
	LBC  shift 123
	RBC  shift 124
	IF  shift 125
	FOR  shift 126
	WHILE  shift 127
	MINUS  shift 22
	NOT  shift 23
	REGEX  shift 24
	RETURN  shift 128
	ID  shift 25
	STRING_T  shift 26
	INT_T  shift 27
	FLOAT_T  shift 28
	BOOL_T  shift 29
	.  error

	expr  goto 129
	stmt  goto 130


state 118
	vdecl : typ ID LBK INT_T RBK ASSIGN expr SEMI .  (19)

	.  reduce 19


state 119
	regex_set : LBRK regex_set_list RBRK .  (78)

	.  reduce 78


state 120
	regex_set : REGEX_STRING RANG REGEX_STRING .  (76)

	.  reduce 76


state 121
	expr : expr . PLUS expr  (37)
	expr : expr . MINUS expr  (38)
	expr : expr . TIMES expr  (39)
	expr : expr . DIVIDE expr  (40)
	expr : expr . EQ expr  (41)
	expr : expr . NEQ expr  (42)
	expr : expr . RL expr  (43)
	expr : expr . LEQ expr  (44)
	expr : expr . LR expr  (45)
	expr : expr . REQ expr  (46)
	expr : expr . AND expr  (47)
	expr : expr . OR expr  (48)
	expr : expr . ASSIGN expr  (51)
	args_list : args_list COMMA expr .  (62)

	PLUS  shift 50
	MINUS  shift 51
	TIMES  shift 52
	DIVIDE  shift 53
	EQ  shift 54
	NEQ  shift 55
	LEQ  shift 56
	REQ  shift 57
	LR  shift 58
	RL  shift 59
	AND  shift 60
	OR  shift 61
	ASSIGN  shift 62
	COMMA  reduce 62
	RPR  reduce 62


state 122
	vdecl : typ ID . SEMI  (17)
	vdecl : typ ID . LBK INT_T RBK SEMI  (18)
	vdecl : typ ID . LBK INT_T RBK ASSIGN expr SEMI  (19)
	vdecl : typ ID . ASSIGN expr SEMI  (20)

	SEMI  shift 14
	LBK  shift 16
	ASSIGN  shift 17
	.  error


state 123
	stmt : LBC . stmt_list RBC  (25)
	stmt_list : .  (21)

	.  reduce 21

	stmt_list  goto 131


state 124
	fdecl : typ ID LPR formal_list RPR LBC vdecl_list stmt_list RBC .  (4)

	.  reduce 4


state 125
	stmt : IF . LPR expr RPR stmt ELSE stmt  (26)

	LPR  shift 132
	.  error


state 126
	stmt : FOR . LPR expr_opt SEMI expr SEMI expr_opt RPR stmt  (27)

	LPR  shift 133
	.  error


state 127
	stmt : WHILE . LPR expr RPR stmt  (28)

	LPR  shift 134
	.  error


state 128
	stmt : RETURN . expr SEMI  (24)

	LPR  shift 20
	LBK  shift 21
	MINUS  shift 22
	NOT  shift 23
	REGEX  shift 24
	ID  shift 25
	STRING_T  shift 26
	INT_T  shift 27
	FLOAT_T  shift 28
	BOOL_T  shift 29
	.  error

	expr  goto 135


state 129
	stmt : expr . SEMI  (23)
	expr : expr . PLUS expr  (37)
	expr : expr . MINUS expr  (38)
	expr : expr . TIMES expr  (39)
	expr : expr . DIVIDE expr  (40)
	expr : expr . EQ expr  (41)
	expr : expr . NEQ expr  (42)
	expr : expr . RL expr  (43)
	expr : expr . LEQ expr  (44)
	expr : expr . LR expr  (45)
	expr : expr . REQ expr  (46)
	expr : expr . AND expr  (47)
	expr : expr . OR expr  (48)
	expr : expr . ASSIGN expr  (51)

	SEMI  shift 136
	PLUS  shift 50
	MINUS  shift 51
	TIMES  shift 52
	DIVIDE  shift 53
	EQ  shift 54
	NEQ  shift 55
	LEQ  shift 56
	REQ  shift 57
	LR  shift 58
	RL  shift 59
	AND  shift 60
	OR  shift 61
	ASSIGN  shift 62
	.  error


state 130
	stmt_list : stmt_list stmt .  (22)

	.  reduce 22


state 131
	stmt_list : stmt_list . stmt  (22)
	stmt : LBC stmt_list . RBC  (25)

	LPR  shift 20
	LBK  shift 21
	LBC  shift 123
	RBC  shift 137
	IF  shift 125
	FOR  shift 126
	WHILE  shift 127
	MINUS  shift 22
	NOT  shift 23
	REGEX  shift 24
	RETURN  shift 128
	ID  shift 25
	STRING_T  shift 26
	INT_T  shift 27
	FLOAT_T  shift 28
	BOOL_T  shift 29
	.  error

	expr  goto 129
	stmt  goto 130


state 132
	stmt : IF LPR . expr RPR stmt ELSE stmt  (26)

	LPR  shift 20
	LBK  shift 21
	MINUS  shift 22
	NOT  shift 23
	REGEX  shift 24
	ID  shift 25
	STRING_T  shift 26
	INT_T  shift 27
	FLOAT_T  shift 28
	BOOL_T  shift 29
	.  error

	expr  goto 138


state 133
	stmt : FOR LPR . expr_opt SEMI expr SEMI expr_opt RPR stmt  (27)
	expr_opt : .  (29)

	LPR  shift 20
	LBK  shift 21
	MINUS  shift 22
	NOT  shift 23
	REGEX  shift 24
	ID  shift 25
	STRING_T  shift 26
	INT_T  shift 27
	FLOAT_T  shift 28
	BOOL_T  shift 29
	SEMI  reduce 29

	expr  goto 139
	expr_opt  goto 140


state 134
	stmt : WHILE LPR . expr RPR stmt  (28)

	LPR  shift 20
	LBK  shift 21
	MINUS  shift 22
	NOT  shift 23
	REGEX  shift 24
	ID  shift 25
	STRING_T  shift 26
	INT_T  shift 27
	FLOAT_T  shift 28
	BOOL_T  shift 29
	.  error

	expr  goto 141


state 135
	stmt : RETURN expr . SEMI  (24)
	expr : expr . PLUS expr  (37)
	expr : expr . MINUS expr  (38)
	expr : expr . TIMES expr  (39)
	expr : expr . DIVIDE expr  (40)
	expr : expr . EQ expr  (41)
	expr : expr . NEQ expr  (42)
	expr : expr . RL expr  (43)
	expr : expr . LEQ expr  (44)
	expr : expr . LR expr  (45)
	expr : expr . REQ expr  (46)
	expr : expr . AND expr  (47)
	expr : expr . OR expr  (48)
	expr : expr . ASSIGN expr  (51)

	SEMI  shift 142
	PLUS  shift 50
	MINUS  shift 51
	TIMES  shift 52
	DIVIDE  shift 53
	EQ  shift 54
	NEQ  shift 55
	LEQ  shift 56
	REQ  shift 57
	LR  shift 58
	RL  shift 59
	AND  shift 60
	OR  shift 61
	ASSIGN  shift 62
	.  error


state 136
	stmt : expr SEMI .  (23)

	.  reduce 23


state 137
	stmt : LBC stmt_list RBC .  (25)

	.  reduce 25


state 138
	stmt : IF LPR expr . RPR stmt ELSE stmt  (26)
	expr : expr . PLUS expr  (37)
	expr : expr . MINUS expr  (38)
	expr : expr . TIMES expr  (39)
	expr : expr . DIVIDE expr  (40)
	expr : expr . EQ expr  (41)
	expr : expr . NEQ expr  (42)
	expr : expr . RL expr  (43)
	expr : expr . LEQ expr  (44)
	expr : expr . LR expr  (45)
	expr : expr . REQ expr  (46)
	expr : expr . AND expr  (47)
	expr : expr . OR expr  (48)
	expr : expr . ASSIGN expr  (51)

	RPR  shift 143
	PLUS  shift 50
	MINUS  shift 51
	TIMES  shift 52
	DIVIDE  shift 53
	EQ  shift 54
	NEQ  shift 55
	LEQ  shift 56
	REQ  shift 57
	LR  shift 58
	RL  shift 59
	AND  shift 60
	OR  shift 61
	ASSIGN  shift 62
	.  error


state 139
	expr_opt : expr .  (30)
	expr : expr . PLUS expr  (37)
	expr : expr . MINUS expr  (38)
	expr : expr . TIMES expr  (39)
	expr : expr . DIVIDE expr  (40)
	expr : expr . EQ expr  (41)
	expr : expr . NEQ expr  (42)
	expr : expr . RL expr  (43)
	expr : expr . LEQ expr  (44)
	expr : expr . LR expr  (45)
	expr : expr . REQ expr  (46)
	expr : expr . AND expr  (47)
	expr : expr . OR expr  (48)
	expr : expr . ASSIGN expr  (51)

	PLUS  shift 50
	MINUS  shift 51
	TIMES  shift 52
	DIVIDE  shift 53
	EQ  shift 54
	NEQ  shift 55
	LEQ  shift 56
	REQ  shift 57
	LR  shift 58
	RL  shift 59
	AND  shift 60
	OR  shift 61
	ASSIGN  shift 62
	SEMI  reduce 30
	RPR  reduce 30


state 140
	stmt : FOR LPR expr_opt . SEMI expr SEMI expr_opt RPR stmt  (27)

	SEMI  shift 144
	.  error


state 141
	stmt : WHILE LPR expr . RPR stmt  (28)
	expr : expr . PLUS expr  (37)
	expr : expr . MINUS expr  (38)
	expr : expr . TIMES expr  (39)
	expr : expr . DIVIDE expr  (40)
	expr : expr . EQ expr  (41)
	expr : expr . NEQ expr  (42)
	expr : expr . RL expr  (43)
	expr : expr . LEQ expr  (44)
	expr : expr . LR expr  (45)
	expr : expr . REQ expr  (46)
	expr : expr . AND expr  (47)
	expr : expr . OR expr  (48)
	expr : expr . ASSIGN expr  (51)

	RPR  shift 145
	PLUS  shift 50
	MINUS  shift 51
	TIMES  shift 52
	DIVIDE  shift 53
	EQ  shift 54
	NEQ  shift 55
	LEQ  shift 56
	REQ  shift 57
	LR  shift 58
	RL  shift 59
	AND  shift 60
	OR  shift 61
	ASSIGN  shift 62
	.  error


state 142
	stmt : RETURN expr SEMI .  (24)

	.  reduce 24


state 143
	stmt : IF LPR expr RPR . stmt ELSE stmt  (26)

	LPR  shift 20
	LBK  shift 21
	LBC  shift 123
	IF  shift 125
	FOR  shift 126
	WHILE  shift 127
	MINUS  shift 22
	NOT  shift 23
	REGEX  shift 24
	RETURN  shift 128
	ID  shift 25
	STRING_T  shift 26
	INT_T  shift 27
	FLOAT_T  shift 28
	BOOL_T  shift 29
	.  error

	expr  goto 129
	stmt  goto 146


state 144
	stmt : FOR LPR expr_opt SEMI . expr SEMI expr_opt RPR stmt  (27)

	LPR  shift 20
	LBK  shift 21
	MINUS  shift 22
	NOT  shift 23
	REGEX  shift 24
	ID  shift 25
	STRING_T  shift 26
	INT_T  shift 27
	FLOAT_T  shift 28
	BOOL_T  shift 29
	.  error

	expr  goto 147


state 145
	stmt : WHILE LPR expr RPR . stmt  (28)

	LPR  shift 20
	LBK  shift 21
	LBC  shift 123
	IF  shift 125
	FOR  shift 126
	WHILE  shift 127
	MINUS  shift 22
	NOT  shift 23
	REGEX  shift 24
	RETURN  shift 128
	ID  shift 25
	STRING_T  shift 26
	INT_T  shift 27
	FLOAT_T  shift 28
	BOOL_T  shift 29
	.  error

	expr  goto 129
	stmt  goto 148


state 146
	stmt : IF LPR expr RPR stmt . ELSE stmt  (26)

	ELSE  shift 149
	.  error


state 147
	stmt : FOR LPR expr_opt SEMI expr . SEMI expr_opt RPR stmt  (27)
	expr : expr . PLUS expr  (37)
	expr : expr . MINUS expr  (38)
	expr : expr . TIMES expr  (39)
	expr : expr . DIVIDE expr  (40)
	expr : expr . EQ expr  (41)
	expr : expr . NEQ expr  (42)
	expr : expr . RL expr  (43)
	expr : expr . LEQ expr  (44)
	expr : expr . LR expr  (45)
	expr : expr . REQ expr  (46)
	expr : expr . AND expr  (47)
	expr : expr . OR expr  (48)
	expr : expr . ASSIGN expr  (51)

	SEMI  shift 150
	PLUS  shift 50
	MINUS  shift 51
	TIMES  shift 52
	DIVIDE  shift 53
	EQ  shift 54
	NEQ  shift 55
	LEQ  shift 56
	REQ  shift 57
	LR  shift 58
	RL  shift 59
	AND  shift 60
	OR  shift 61
	ASSIGN  shift 62
	.  error


state 148
	stmt : WHILE LPR expr RPR stmt .  (28)

	.  reduce 28


state 149
	stmt : IF LPR expr RPR stmt ELSE . stmt  (26)

	LPR  shift 20
	LBK  shift 21
	LBC  shift 123
	IF  shift 125
	FOR  shift 126
	WHILE  shift 127
	MINUS  shift 22
	NOT  shift 23
	REGEX  shift 24
	RETURN  shift 128
	ID  shift 25
	STRING_T  shift 26
	INT_T  shift 27
	FLOAT_T  shift 28
	BOOL_T  shift 29
	.  error

	expr  goto 129
	stmt  goto 151


state 150
	stmt : FOR LPR expr_opt SEMI expr SEMI . expr_opt RPR stmt  (27)
	expr_opt : .  (29)

	LPR  shift 20
	LBK  shift 21
	MINUS  shift 22
	NOT  shift 23
	REGEX  shift 24
	ID  shift 25
	STRING_T  shift 26
	INT_T  shift 27
	FLOAT_T  shift 28
	BOOL_T  shift 29
	RPR  reduce 29

	expr  goto 139
	expr_opt  goto 152


state 151
	stmt : IF LPR expr RPR stmt ELSE stmt .  (26)

	.  reduce 26


state 152
	stmt : FOR LPR expr_opt SEMI expr SEMI expr_opt . RPR stmt  (27)

	RPR  shift 153
	.  error


state 153
	stmt : FOR LPR expr_opt SEMI expr SEMI expr_opt RPR . stmt  (27)

	LPR  shift 20
	LBK  shift 21
	LBC  shift 123
	IF  shift 125
	FOR  shift 126
	WHILE  shift 127
	MINUS  shift 22
	NOT  shift 23
	REGEX  shift 24
	RETURN  shift 128
	ID  shift 25
	STRING_T  shift 26
	INT_T  shift 27
	FLOAT_T  shift 28
	BOOL_T  shift 29
	.  error

	expr  goto 129
	stmt  goto 154


state 154
	stmt : FOR LPR expr_opt SEMI expr SEMI expr_opt RPR stmt .  (27)

	.  reduce 27


State 75 contains 1 shift/reduce conflict.
State 111 contains 4 shift/reduce conflicts.


61 terminals, 20 nonterminals
80 grammar rules, 155 states
